<?xml version="1.0" ?>
<!DOCTYPE coverage SYSTEM "http://cobertura.sourceforge.net/xml/coverage-04.dtd">
<coverage lines-valid="61" lines-covered="31" line-rate="0.5082" branches-valid="67" branches-covered="37" branch-rate="0.5522" timestamp="1621682916134" complexity="0" version="0.1">
  <sources>
    <source>/home/runner/work/gitlab-badges/gitlab-badges</source>
  </sources>
  <packages>
    <class name="states.ts" filename="src/lib/states.ts" line-rate="0.5082" branch-rate="0.5522">
      <methods>
        <method name="(anonymous_8)" hits="3" signature="()V">
          <lines>
            <line number="14" hits="3"/>
          </lines>
        </method>
        <method name="(anonymous_9)" hits="2" signature="()V">
          <lines>
            <line number="31" hits="2"/>
          </lines>
        </method>
        <method name="(anonymous_11)" hits="0" signature="()V">
          <lines>
            <line number="44" hits="0"/>
          </lines>
        </method>
        <method name="(anonymous_12)" hits="1" signature="()V">
          <lines>
            <line number="48" hits="1"/>
          </lines>
        </method>
        <method name="(anonymous_14)" hits="3" signature="()V">
          <lines>
            <line number="56" hits="3"/>
          </lines>
        </method>
        <method name="(anonymous_15)" hits="3" signature="()V">
          <lines>
            <line number="56" hits="3"/>
          </lines>
        </method>
        <method name="(anonymous_16)" hits="0" signature="()V">
          <lines>
            <line number="91" hits="0"/>
          </lines>
        </method>
        <method name="(anonymous_17)" hits="0" signature="()V">
          <lines>
            <line number="107" hits="0"/>
          </lines>
        </method>
        <method name="(anonymous_18)" hits="0" signature="()V">
          <lines>
            <line number="126" hits="0"/>
          </lines>
        </method>
        <method name="(anonymous_19)" hits="4" signature="()V">
          <lines>
            <line number="129" hits="4"/>
          </lines>
        </method>
        <method name="(anonymous_21)" hits="0" signature="()V">
          <lines>
            <line number="139" hits="0"/>
          </lines>
        </method>
        <method name="(anonymous_22)" hits="0" signature="()V">
          <lines>
            <line number="145" hits="0"/>
          </lines>
        </method>
      </methods>
      <lines>
        <line number="3" hits="1" branch="false"/>
        <line number="7" hits="1" branch="false"/>
        <line number="11" hits="3" branch="false"/>
        <line number="15" hits="3" branch="true" condition-coverage="66.66666666666666% (2/3)"/>
        <line number="16" hits="3" branch="true" condition-coverage="100% (5/5)"/>
        <line number="20" hits="1" branch="false"/>
        <line number="23" hits="2" branch="true" condition-coverage="66.66666666666666% (2/3)"/>
        <line number="24" hits="2" branch="true" condition-coverage="100% (2/2)"/>
        <line number="25" hits="1" branch="false"/>
        <line number="28" hits="1" branch="true" condition-coverage="100% (4/4)"/>
        <line number="32" hits="2" branch="true" condition-coverage="100% (6/6)"/>
        <line number="33" hits="1" branch="false"/>
        <line number="36" hits="2" branch="true" condition-coverage="66.66666666666666% (4/6)"/>
        <line number="37" hits="2" branch="false"/>
        <line number="38" hits="2" branch="false"/>
        <line number="41" hits="0" branch="false"/>
        <line number="45" hits="0" branch="false"/>
        <line number="49" hits="1" branch="false"/>
        <line number="50" hits="1" branch="true" condition-coverage="50% (1/2)"/>
        <line number="51" hits="0" branch="false"/>
        <line number="54" hits="1" branch="false"/>
        <line number="55" hits="1" branch="false"/>
        <line number="56" hits="3" branch="false"/>
        <line number="57" hits="3" branch="true" condition-coverage="50% (1/2)"/>
        <line number="58" hits="0" branch="false"/>
        <line number="60" hits="3" branch="true" condition-coverage="100% (2/2)"/>
        <line number="61" hits="2" branch="false"/>
        <line number="64" hits="3" branch="false"/>
        <line number="65" hits="3" branch="false"/>
        <line number="66" hits="3" branch="false"/>
        <line number="72" hits="0" branch="false"/>
        <line number="79" hits="1" branch="false"/>
        <line number="86" hits="1" branch="true" condition-coverage="50% (1/2)"/>
        <line number="87" hits="0" branch="false"/>
        <line number="92" hits="0" branch="false"/>
        <line number="93" hits="0" branch="false"/>
        <line number="94" hits="0" branch="false"/>
        <line number="98" hits="0" branch="false"/>
        <line number="100" hits="0" branch="false"/>
        <line number="101" hits="0" branch="true" condition-coverage="0% (0/2)"/>
        <line number="102" hits="0" branch="false"/>
        <line number="103" hits="0" branch="false"/>
        <line number="104" hits="0" branch="false"/>
        <line number="106" hits="0" branch="true" condition-coverage="0% (0/2)"/>
        <line number="107" hits="0" branch="false"/>
        <line number="111" hits="0" branch="true" condition-coverage="0% (0/2)"/>
        <line number="112" hits="0" branch="false"/>
        <line number="115" hits="0" branch="true" condition-coverage="0% (0/2)"/>
        <line number="116" hits="0" branch="true" condition-coverage="0% (0/6)"/>
        <line number="117" hits="0" branch="false"/>
        <line number="122" hits="0" branch="true" condition-coverage="0% (0/4)"/>
        <line number="123" hits="0" branch="false"/>
        <line number="126" hits="0" branch="false"/>
        <line number="130" hits="4" branch="false"/>
        <line number="136" hits="4" branch="false"/>
        <line number="140" hits="0" branch="true" condition-coverage="0% (0/2)"/>
        <line number="141" hits="0" branch="false"/>
        <line number="146" hits="0" branch="true" condition-coverage="0% (0/2)"/>
        <line number="147" hits="0" branch="false"/>
        <line number="148" hits="0" branch="false"/>
        <line number="153" hits="1" branch="false"/>
      </lines>
    </class>
  </packages>
</coverage>
