{
  "stats": {
    "suites": 3,
    "tests": 3,
    "passes": 3,
    "pending": 0,
    "failures": 0,
    "start": "2024-01-23T20:11:11.644Z",
    "end": "2024-01-23T20:11:13.371Z",
    "duration": 1727,
    "testsRegistered": 3,
    "passPercent": 100,
    "pendingPercent": 0,
    "other": 0,
    "hasOther": false,
    "skipped": 0,
    "hasSkipped": false
  },
  "results": [
    {
      "uuid": "d3c9539d-0497-489c-8cbb-084ab96aacdf",
      "title": "",
      "fullFile": "/home/runner/work/gitlab-badges/gitlab-badges/test/lib/states.ts",
      "file": "/test/lib/states.ts",
      "beforeHooks": [],
      "afterHooks": [],
      "tests": [],
      "suites": [
        {
          "uuid": "59082a0a-efc8-4bec-9d77-9e612edf8464",
          "title": "States",
          "fullFile": "/home/runner/work/gitlab-badges/gitlab-badges/test/lib/states.ts",
          "file": "/test/lib/states.ts",
          "beforeHooks": [],
          "afterHooks": [],
          "tests": [],
          "suites": [
            {
              "uuid": "ba6200dd-4863-4c74-8493-60ab3476a5eb",
              "title": "constructor()",
              "fullFile": "/home/runner/work/gitlab-badges/gitlab-badges/test/lib/states.ts",
              "file": "/test/lib/states.ts",
              "beforeHooks": [],
              "afterHooks": [],
              "tests": [
                {
                  "title": "should throw an error with invalid url",
                  "fullTitle": "States constructor() should throw an error with invalid url",
                  "timedOut": false,
                  "duration": 0,
                  "state": "passed",
                  "speed": "fast",
                  "pass": true,
                  "fail": false,
                  "pending": false,
                  "context": null,
                  "code": "assert.throws(() => {\n    new GitLabStateHelper('ftp://foo.bar', '****');\n}, /Invalid url!/);",
                  "err": {},
                  "uuid": "259ea5bf-6a49-430c-bfd9-38812997b688",
                  "parentUUID": "ba6200dd-4863-4c74-8493-60ab3476a5eb",
                  "isHook": false,
                  "skipped": false
                },
                {
                  "title": "should throw an error without token",
                  "fullTitle": "States constructor() should throw an error without token",
                  "timedOut": false,
                  "duration": 0,
                  "state": "passed",
                  "speed": "fast",
                  "pass": true,
                  "fail": false,
                  "pending": false,
                  "context": null,
                  "code": "assert.throws(() => {\n    new GitLabStateHelper('http://localhost', '****');\n}, /Invalid token!/);",
                  "err": {},
                  "uuid": "66d9e9f1-2b8b-4030-bfcd-dc4d91b9bc4a",
                  "parentUUID": "ba6200dd-4863-4c74-8493-60ab3476a5eb",
                  "isHook": false,
                  "skipped": false
                }
              ],
              "suites": [],
              "passes": [
                "259ea5bf-6a49-430c-bfd9-38812997b688",
                "66d9e9f1-2b8b-4030-bfcd-dc4d91b9bc4a"
              ],
              "failures": [],
              "pending": [],
              "skipped": [],
              "duration": 0,
              "root": false,
              "rootEmpty": false,
              "_timeout": 2000
            },
            {
              "uuid": "bdf73362-4d08-4186-8802-3366c19c4172",
              "title": "getState()",
              "fullFile": "/home/runner/work/gitlab-badges/gitlab-badges/test/lib/states.ts",
              "file": "/test/lib/states.ts",
              "beforeHooks": [],
              "afterHooks": [],
              "tests": [
                {
                  "title": "should work",
                  "fullTitle": "States getState() should work",
                  "timedOut": false,
                  "duration": 1723,
                  "state": "passed",
                  "speed": "slow",
                  "pass": true,
                  "fail": false,
                  "pending": false,
                  "context": null,
                  "code": "return __awaiter(this, void 0, void 0, function* () {\n    const states = yield new GitLabStateHelper();\n    const result1 = yield states.getState(projectId, 'develop');\n    assert.strictEqual(typeof result1.status, 'string');\n    assert.ok(typeof result1.coverage === 'string' || result1.coverage === undefined);\n    const result2 = yield states.getState(projectId, 'develop');\n    assert.strictEqual(result2.status, result1.status);\n    assert.strictEqual(result2.coverage, result1.coverage);\n});",
                  "err": {},
                  "uuid": "f6a96ba6-40d1-4946-aaec-c5801916f29b",
                  "parentUUID": "bdf73362-4d08-4186-8802-3366c19c4172",
                  "isHook": false,
                  "skipped": false
                }
              ],
              "suites": [],
              "passes": [
                "f6a96ba6-40d1-4946-aaec-c5801916f29b"
              ],
              "failures": [],
              "pending": [],
              "skipped": [],
              "duration": 1723,
              "root": false,
              "rootEmpty": false,
              "_timeout": 30000
            }
          ],
          "passes": [],
          "failures": [],
          "pending": [],
          "skipped": [],
          "duration": 0,
          "root": false,
          "rootEmpty": false,
          "_timeout": 2000
        }
      ],
      "passes": [],
      "failures": [],
      "pending": [],
      "skipped": [],
      "duration": 0,
      "root": true,
      "rootEmpty": true,
      "_timeout": 2000
    }
  ],
  "meta": {
    "mocha": {
      "version": "10.2.0"
    },
    "mochawesome": {
      "options": {
        "quiet": false,
        "reportFilename": "mochawesome",
        "saveHtml": true,
        "saveJson": true,
        "consoleReporter": "spec",
        "useInlineDiffs": false,
        "code": true
      },
      "version": "7.1.3"
    },
    "marge": {
      "options": null,
      "version": "6.2.0"
    }
  }
}