{
  "stats": {
    "suites": 3,
    "tests": 3,
    "passes": 3,
    "pending": 0,
    "failures": 0,
    "start": "2025-05-01T20:52:52.562Z",
    "end": "2025-05-01T20:52:53.888Z",
    "duration": 1326,
    "testsRegistered": 3,
    "passPercent": 100,
    "pendingPercent": 0,
    "other": 0,
    "hasOther": false,
    "skipped": 0,
    "hasSkipped": false
  },
  "results": [
    {
      "uuid": "b3d2f5bf-55f5-4001-beca-400a83639637",
      "title": "",
      "fullFile": "/home/runner/work/gitlab-badges/gitlab-badges/test/lib/states.ts",
      "file": "/test/lib/states.ts",
      "beforeHooks": [],
      "afterHooks": [],
      "tests": [],
      "suites": [
        {
          "uuid": "b3fbc371-c93e-413d-a509-bce131775eeb",
          "title": "States",
          "fullFile": "/home/runner/work/gitlab-badges/gitlab-badges/test/lib/states.ts",
          "file": "/test/lib/states.ts",
          "beforeHooks": [],
          "afterHooks": [],
          "tests": [],
          "suites": [
            {
              "uuid": "0823076c-3a95-468a-ab7f-12c156b5bc23",
              "title": "constructor()",
              "fullFile": "/home/runner/work/gitlab-badges/gitlab-badges/test/lib/states.ts",
              "file": "/test/lib/states.ts",
              "beforeHooks": [],
              "afterHooks": [],
              "tests": [
                {
                  "title": "should throw an error with invalid url",
                  "fullTitle": "States constructor() should throw an error with invalid url",
                  "timedOut": false,
                  "duration": 0,
                  "state": "passed",
                  "speed": "fast",
                  "pass": true,
                  "fail": false,
                  "pending": false,
                  "context": null,
                  "code": "assert.throws(()=>{new GitLabStateHelper(\"ftp://foo.bar\",\"****\")},/Invalid url!/)",
                  "err": {},
                  "uuid": "a69b31b6-7fde-4b97-b4b1-2150cb5d375d",
                  "parentUUID": "0823076c-3a95-468a-ab7f-12c156b5bc23",
                  "isHook": false,
                  "skipped": false
                },
                {
                  "title": "should throw an error without token",
                  "fullTitle": "States constructor() should throw an error without token",
                  "timedOut": false,
                  "duration": 0,
                  "state": "passed",
                  "speed": "fast",
                  "pass": true,
                  "fail": false,
                  "pending": false,
                  "context": null,
                  "code": "assert.throws(()=>{new GitLabStateHelper(\"http://localhost\",\"****\")},/Invalid token!/)",
                  "err": {},
                  "uuid": "615070ed-4fef-489d-99b5-6bc90237fc1b",
                  "parentUUID": "0823076c-3a95-468a-ab7f-12c156b5bc23",
                  "isHook": false,
                  "skipped": false
                }
              ],
              "suites": [],
              "passes": [
                "a69b31b6-7fde-4b97-b4b1-2150cb5d375d",
                "615070ed-4fef-489d-99b5-6bc90237fc1b"
              ],
              "failures": [],
              "pending": [],
              "skipped": [],
              "duration": 0,
              "root": false,
              "rootEmpty": false,
              "_timeout": 2000
            },
            {
              "uuid": "23f25ee4-a288-45ec-bab7-4fc205440dcb",
              "title": "getState()",
              "fullFile": "/home/runner/work/gitlab-badges/gitlab-badges/test/lib/states.ts",
              "file": "/test/lib/states.ts",
              "beforeHooks": [],
              "afterHooks": [],
              "tests": [
                {
                  "title": "should work",
                  "fullTitle": "States getState() should work",
                  "timedOut": false,
                  "duration": 1322,
                  "state": "passed",
                  "speed": "slow",
                  "pass": true,
                  "fail": false,
                  "pending": false,
                  "context": null,
                  "code": "const states=new GitLabStateHelper;const result1=await states.getState(projectId,\"develop\");assert.strictEqual(typeof result1.status,\"string\");assert.ok(typeof result1.coverage===\"string\"||result1.coverage===void 0);const result2=await states.getState(projectId,\"develop\");assert.strictEqual(result2.status,result1.status);assert.strictEqual(result2.coverage,result1.coverage)",
                  "err": {},
                  "uuid": "76e69c4c-425c-4d93-88d9-c1e6045e1c9f",
                  "parentUUID": "23f25ee4-a288-45ec-bab7-4fc205440dcb",
                  "isHook": false,
                  "skipped": false
                }
              ],
              "suites": [],
              "passes": [
                "76e69c4c-425c-4d93-88d9-c1e6045e1c9f"
              ],
              "failures": [],
              "pending": [],
              "skipped": [],
              "duration": 1322,
              "root": false,
              "rootEmpty": false,
              "_timeout": 30000
            }
          ],
          "passes": [],
          "failures": [],
          "pending": [],
          "skipped": [],
          "duration": 0,
          "root": false,
          "rootEmpty": false,
          "_timeout": 2000
        }
      ],
      "passes": [],
      "failures": [],
      "pending": [],
      "skipped": [],
      "duration": 0,
      "root": true,
      "rootEmpty": true,
      "_timeout": 2000
    }
  ],
  "meta": {
    "mocha": {
      "version": "11.1.0"
    },
    "mochawesome": {
      "options": {
        "quiet": false,
        "reportFilename": "mochawesome",
        "saveHtml": true,
        "saveJson": true,
        "consoleReporter": "spec",
        "useInlineDiffs": false,
        "code": true
      },
      "version": "7.1.3"
    },
    "marge": {
      "options": null,
      "version": "6.2.0"
    }
  }
}