{
  "stats": {
    "suites": 3,
    "tests": 3,
    "passes": 3,
    "pending": 0,
    "failures": 0,
    "start": "2025-04-08T19:28:20.906Z",
    "end": "2025-04-08T19:28:26.056Z",
    "duration": 5150,
    "testsRegistered": 3,
    "passPercent": 100,
    "pendingPercent": 0,
    "other": 0,
    "hasOther": false,
    "skipped": 0,
    "hasSkipped": false
  },
  "results": [
    {
      "uuid": "c4c40023-73af-4d72-a79a-a432bef59eb7",
      "title": "",
      "fullFile": "/home/runner/work/gitlab-badges/gitlab-badges/test/lib/states.ts",
      "file": "/test/lib/states.ts",
      "beforeHooks": [],
      "afterHooks": [],
      "tests": [],
      "suites": [
        {
          "uuid": "cffe7750-f8cc-421f-b777-e2327f102b4f",
          "title": "States",
          "fullFile": "/home/runner/work/gitlab-badges/gitlab-badges/test/lib/states.ts",
          "file": "/test/lib/states.ts",
          "beforeHooks": [],
          "afterHooks": [],
          "tests": [],
          "suites": [
            {
              "uuid": "ce61ff42-4182-4cfa-98a4-75bfb48c2321",
              "title": "constructor()",
              "fullFile": "/home/runner/work/gitlab-badges/gitlab-badges/test/lib/states.ts",
              "file": "/test/lib/states.ts",
              "beforeHooks": [],
              "afterHooks": [],
              "tests": [
                {
                  "title": "should throw an error with invalid url",
                  "fullTitle": "States constructor() should throw an error with invalid url",
                  "timedOut": false,
                  "duration": 0,
                  "state": "passed",
                  "speed": "fast",
                  "pass": true,
                  "fail": false,
                  "pending": false,
                  "context": null,
                  "code": "assert.throws(()=>{new GitLabStateHelper(\"ftp://foo.bar\",\"****\")},/Invalid url!/)",
                  "err": {},
                  "uuid": "c94ed909-f7ea-4da0-a5a3-27593f25b8ae",
                  "parentUUID": "ce61ff42-4182-4cfa-98a4-75bfb48c2321",
                  "isHook": false,
                  "skipped": false
                },
                {
                  "title": "should throw an error without token",
                  "fullTitle": "States constructor() should throw an error without token",
                  "timedOut": false,
                  "duration": 0,
                  "state": "passed",
                  "speed": "fast",
                  "pass": true,
                  "fail": false,
                  "pending": false,
                  "context": null,
                  "code": "assert.throws(()=>{new GitLabStateHelper(\"http://localhost\",\"****\")},/Invalid token!/)",
                  "err": {},
                  "uuid": "0cc22f4a-f3f7-432e-b2a6-a51baa185030",
                  "parentUUID": "ce61ff42-4182-4cfa-98a4-75bfb48c2321",
                  "isHook": false,
                  "skipped": false
                }
              ],
              "suites": [],
              "passes": [
                "c94ed909-f7ea-4da0-a5a3-27593f25b8ae",
                "0cc22f4a-f3f7-432e-b2a6-a51baa185030"
              ],
              "failures": [],
              "pending": [],
              "skipped": [],
              "duration": 0,
              "root": false,
              "rootEmpty": false,
              "_timeout": 2000
            },
            {
              "uuid": "7107ce1d-698b-43de-89dc-d7ed6d20707e",
              "title": "getState()",
              "fullFile": "/home/runner/work/gitlab-badges/gitlab-badges/test/lib/states.ts",
              "file": "/test/lib/states.ts",
              "beforeHooks": [],
              "afterHooks": [],
              "tests": [
                {
                  "title": "should work",
                  "fullTitle": "States getState() should work",
                  "timedOut": false,
                  "duration": 5144,
                  "state": "passed",
                  "speed": "slow",
                  "pass": true,
                  "fail": false,
                  "pending": false,
                  "context": null,
                  "code": "const states=new GitLabStateHelper;const result1=await states.getState(projectId,\"develop\");assert.strictEqual(typeof result1.status,\"string\");assert.ok(typeof result1.coverage===\"string\"||result1.coverage===void 0);const result2=await states.getState(projectId,\"develop\");assert.strictEqual(result2.status,result1.status);assert.strictEqual(result2.coverage,result1.coverage)",
                  "err": {},
                  "uuid": "b1a8bb4a-cb35-4215-bcaf-157d5c7a7afc",
                  "parentUUID": "7107ce1d-698b-43de-89dc-d7ed6d20707e",
                  "isHook": false,
                  "skipped": false
                }
              ],
              "suites": [],
              "passes": [
                "b1a8bb4a-cb35-4215-bcaf-157d5c7a7afc"
              ],
              "failures": [],
              "pending": [],
              "skipped": [],
              "duration": 5144,
              "root": false,
              "rootEmpty": false,
              "_timeout": 30000
            }
          ],
          "passes": [],
          "failures": [],
          "pending": [],
          "skipped": [],
          "duration": 0,
          "root": false,
          "rootEmpty": false,
          "_timeout": 2000
        }
      ],
      "passes": [],
      "failures": [],
      "pending": [],
      "skipped": [],
      "duration": 0,
      "root": true,
      "rootEmpty": true,
      "_timeout": 2000
    }
  ],
  "meta": {
    "mocha": {
      "version": "11.1.0"
    },
    "mochawesome": {
      "options": {
        "quiet": false,
        "reportFilename": "mochawesome",
        "saveHtml": true,
        "saveJson": true,
        "consoleReporter": "spec",
        "useInlineDiffs": false,
        "code": true
      },
      "version": "7.1.3"
    },
    "marge": {
      "options": null,
      "version": "6.2.0"
    }
  }
}