{
  "stats": {
    "suites": 3,
    "tests": 3,
    "passes": 3,
    "pending": 0,
    "failures": 0,
    "start": "2023-12-03T20:42:05.937Z",
    "end": "2023-12-03T20:42:08.245Z",
    "duration": 2308,
    "testsRegistered": 3,
    "passPercent": 100,
    "pendingPercent": 0,
    "other": 0,
    "hasOther": false,
    "skipped": 0,
    "hasSkipped": false
  },
  "results": [
    {
      "uuid": "f985126b-f897-4a12-bc1e-78eac3abe2e1",
      "title": "",
      "fullFile": "/home/runner/work/gitlab-badges/gitlab-badges/test/lib/states.ts",
      "file": "/test/lib/states.ts",
      "beforeHooks": [],
      "afterHooks": [],
      "tests": [],
      "suites": [
        {
          "uuid": "ba1b6f37-01d0-4942-9e6c-839defe16d20",
          "title": "States",
          "fullFile": "/home/runner/work/gitlab-badges/gitlab-badges/test/lib/states.ts",
          "file": "/test/lib/states.ts",
          "beforeHooks": [],
          "afterHooks": [],
          "tests": [],
          "suites": [
            {
              "uuid": "e29aa2ec-0106-4d04-8c46-69d3839933d0",
              "title": "constructor()",
              "fullFile": "/home/runner/work/gitlab-badges/gitlab-badges/test/lib/states.ts",
              "file": "/test/lib/states.ts",
              "beforeHooks": [],
              "afterHooks": [],
              "tests": [
                {
                  "title": "should throw an error with invalid url",
                  "fullTitle": "States constructor() should throw an error with invalid url",
                  "timedOut": false,
                  "duration": 0,
                  "state": "passed",
                  "speed": "fast",
                  "pass": true,
                  "fail": false,
                  "pending": false,
                  "context": null,
                  "code": "assert.throws(() => {\n    new GitLabStateHelper('ftp://foo.bar', '****');\n}, /Invalid url!/);",
                  "err": {},
                  "uuid": "42498977-b0d3-4f44-aa0c-2b016e84f733",
                  "parentUUID": "e29aa2ec-0106-4d04-8c46-69d3839933d0",
                  "isHook": false,
                  "skipped": false
                },
                {
                  "title": "should throw an error without token",
                  "fullTitle": "States constructor() should throw an error without token",
                  "timedOut": false,
                  "duration": 0,
                  "state": "passed",
                  "speed": "fast",
                  "pass": true,
                  "fail": false,
                  "pending": false,
                  "context": null,
                  "code": "assert.throws(() => {\n    new GitLabStateHelper('http://localhost', '****');\n}, /Invalid token!/);",
                  "err": {},
                  "uuid": "6cc878f1-a810-4601-a1b2-ba3d8245bf92",
                  "parentUUID": "e29aa2ec-0106-4d04-8c46-69d3839933d0",
                  "isHook": false,
                  "skipped": false
                }
              ],
              "suites": [],
              "passes": [
                "42498977-b0d3-4f44-aa0c-2b016e84f733",
                "6cc878f1-a810-4601-a1b2-ba3d8245bf92"
              ],
              "failures": [],
              "pending": [],
              "skipped": [],
              "duration": 0,
              "root": false,
              "rootEmpty": false,
              "_timeout": 2000
            },
            {
              "uuid": "bc11c48e-3fcb-460c-9adf-dbeef4a97d1c",
              "title": "getState()",
              "fullFile": "/home/runner/work/gitlab-badges/gitlab-badges/test/lib/states.ts",
              "file": "/test/lib/states.ts",
              "beforeHooks": [],
              "afterHooks": [],
              "tests": [
                {
                  "title": "should work",
                  "fullTitle": "States getState() should work",
                  "timedOut": false,
                  "duration": 2304,
                  "state": "passed",
                  "speed": "slow",
                  "pass": true,
                  "fail": false,
                  "pending": false,
                  "context": null,
                  "code": "return __awaiter(this, void 0, void 0, function* () {\n    const states = yield new GitLabStateHelper();\n    const result1 = yield states.getState(projectId, 'develop');\n    assert.strictEqual(typeof result1.status, 'string');\n    assert.ok(typeof result1.coverage === 'string' || result1.coverage === undefined);\n    const result2 = yield states.getState(projectId, 'develop');\n    assert.strictEqual(result2.status, result1.status);\n    assert.strictEqual(result2.coverage, result1.coverage);\n});",
                  "err": {},
                  "uuid": "106ea0f6-b983-46c8-a11a-8dceb10871cf",
                  "parentUUID": "bc11c48e-3fcb-460c-9adf-dbeef4a97d1c",
                  "isHook": false,
                  "skipped": false
                }
              ],
              "suites": [],
              "passes": [
                "106ea0f6-b983-46c8-a11a-8dceb10871cf"
              ],
              "failures": [],
              "pending": [],
              "skipped": [],
              "duration": 2304,
              "root": false,
              "rootEmpty": false,
              "_timeout": 30000
            }
          ],
          "passes": [],
          "failures": [],
          "pending": [],
          "skipped": [],
          "duration": 0,
          "root": false,
          "rootEmpty": false,
          "_timeout": 2000
        }
      ],
      "passes": [],
      "failures": [],
      "pending": [],
      "skipped": [],
      "duration": 0,
      "root": true,
      "rootEmpty": true,
      "_timeout": 2000
    }
  ],
  "meta": {
    "mocha": {
      "version": "10.2.0"
    },
    "mochawesome": {
      "options": {
        "quiet": false,
        "reportFilename": "mochawesome",
        "saveHtml": true,
        "saveJson": true,
        "consoleReporter": "spec",
        "useInlineDiffs": false,
        "code": true
      },
      "version": "7.1.3"
    },
    "marge": {
      "options": null,
      "version": "6.2.0"
    }
  }
}