{
  "stats": {
    "suites": 3,
    "tests": 3,
    "passes": 3,
    "pending": 0,
    "failures": 0,
    "start": "2024-09-11T08:33:30.159Z",
    "end": "2024-09-11T08:33:31.560Z",
    "duration": 1401,
    "testsRegistered": 3,
    "passPercent": 100,
    "pendingPercent": 0,
    "other": 0,
    "hasOther": false,
    "skipped": 0,
    "hasSkipped": false
  },
  "results": [
    {
      "uuid": "95c4cbd2-6929-4293-a8f2-a58d57ffeb95",
      "title": "",
      "fullFile": "/home/runner/work/gitlab-badges/gitlab-badges/test/lib/states.ts",
      "file": "/test/lib/states.ts",
      "beforeHooks": [],
      "afterHooks": [],
      "tests": [],
      "suites": [
        {
          "uuid": "00013532-5731-41f7-b255-b2ad405e52b8",
          "title": "States",
          "fullFile": "/home/runner/work/gitlab-badges/gitlab-badges/test/lib/states.ts",
          "file": "/test/lib/states.ts",
          "beforeHooks": [],
          "afterHooks": [],
          "tests": [],
          "suites": [
            {
              "uuid": "62347303-e689-41e0-89a4-d70b023130ce",
              "title": "constructor()",
              "fullFile": "/home/runner/work/gitlab-badges/gitlab-badges/test/lib/states.ts",
              "file": "/test/lib/states.ts",
              "beforeHooks": [],
              "afterHooks": [],
              "tests": [
                {
                  "title": "should throw an error with invalid url",
                  "fullTitle": "States constructor() should throw an error with invalid url",
                  "timedOut": false,
                  "duration": 1,
                  "state": "passed",
                  "speed": "fast",
                  "pass": true,
                  "fail": false,
                  "pending": false,
                  "context": null,
                  "code": "assert.throws(()=>{new GitLabStateHelper(\"ftp://foo.bar\",\"****\")},/Invalid url!/)",
                  "err": {},
                  "uuid": "3b50db2d-ec88-4b5b-ac13-c4c93dcc3689",
                  "parentUUID": "62347303-e689-41e0-89a4-d70b023130ce",
                  "isHook": false,
                  "skipped": false
                },
                {
                  "title": "should throw an error without token",
                  "fullTitle": "States constructor() should throw an error without token",
                  "timedOut": false,
                  "duration": 0,
                  "state": "passed",
                  "speed": "fast",
                  "pass": true,
                  "fail": false,
                  "pending": false,
                  "context": null,
                  "code": "assert.throws(()=>{new GitLabStateHelper(\"http://localhost\",\"****\")},/Invalid token!/)",
                  "err": {},
                  "uuid": "0180d6be-98cb-41ee-bd54-2e7fe57aefcf",
                  "parentUUID": "62347303-e689-41e0-89a4-d70b023130ce",
                  "isHook": false,
                  "skipped": false
                }
              ],
              "suites": [],
              "passes": [
                "3b50db2d-ec88-4b5b-ac13-c4c93dcc3689",
                "0180d6be-98cb-41ee-bd54-2e7fe57aefcf"
              ],
              "failures": [],
              "pending": [],
              "skipped": [],
              "duration": 1,
              "root": false,
              "rootEmpty": false,
              "_timeout": 2000
            },
            {
              "uuid": "7234532d-0b60-49e4-8df0-27029783d247",
              "title": "getState()",
              "fullFile": "/home/runner/work/gitlab-badges/gitlab-badges/test/lib/states.ts",
              "file": "/test/lib/states.ts",
              "beforeHooks": [],
              "afterHooks": [],
              "tests": [
                {
                  "title": "should work",
                  "fullTitle": "States getState() should work",
                  "timedOut": false,
                  "duration": 1396,
                  "state": "passed",
                  "speed": "slow",
                  "pass": true,
                  "fail": false,
                  "pending": false,
                  "context": null,
                  "code": "const states=new GitLabStateHelper;const result1=await states.getState(projectId,\"develop\");assert.strictEqual(typeof result1.status,\"string\");assert.ok(typeof result1.coverage===\"string\"||result1.coverage===void 0);const result2=await states.getState(projectId,\"develop\");assert.strictEqual(result2.status,result1.status);assert.strictEqual(result2.coverage,result1.coverage)",
                  "err": {},
                  "uuid": "8a41905e-2c1c-4a9d-a1de-81614acba4b9",
                  "parentUUID": "7234532d-0b60-49e4-8df0-27029783d247",
                  "isHook": false,
                  "skipped": false
                }
              ],
              "suites": [],
              "passes": [
                "8a41905e-2c1c-4a9d-a1de-81614acba4b9"
              ],
              "failures": [],
              "pending": [],
              "skipped": [],
              "duration": 1396,
              "root": false,
              "rootEmpty": false,
              "_timeout": 30000
            }
          ],
          "passes": [],
          "failures": [],
          "pending": [],
          "skipped": [],
          "duration": 0,
          "root": false,
          "rootEmpty": false,
          "_timeout": 2000
        }
      ],
      "passes": [],
      "failures": [],
      "pending": [],
      "skipped": [],
      "duration": 0,
      "root": true,
      "rootEmpty": true,
      "_timeout": 2000
    }
  ],
  "meta": {
    "mocha": {
      "version": "10.7.3"
    },
    "mochawesome": {
      "options": {
        "quiet": false,
        "reportFilename": "mochawesome",
        "saveHtml": true,
        "saveJson": true,
        "consoleReporter": "spec",
        "useInlineDiffs": false,
        "code": true
      },
      "version": "7.1.3"
    },
    "marge": {
      "options": null,
      "version": "6.2.0"
    }
  }
}