{
  "stats": {
    "suites": 3,
    "tests": 3,
    "passes": 3,
    "pending": 0,
    "failures": 0,
    "start": "2022-06-08T20:31:59.432Z",
    "end": "2022-06-08T20:32:00.856Z",
    "duration": 1424,
    "testsRegistered": 3,
    "passPercent": 100,
    "pendingPercent": 0,
    "other": 0,
    "hasOther": false,
    "skipped": 0,
    "hasSkipped": false
  },
  "results": [
    {
      "uuid": "b53fdb07-3dc5-448a-ac3b-da1071c00663",
      "title": "",
      "fullFile": "/home/runner/work/gitlab-badges/gitlab-badges/test/lib/states.ts",
      "file": "/test/lib/states.ts",
      "beforeHooks": [],
      "afterHooks": [],
      "tests": [],
      "suites": [
        {
          "uuid": "ff5b3bc4-98b4-4a4f-93de-b6ec9f466740",
          "title": "States",
          "fullFile": "/home/runner/work/gitlab-badges/gitlab-badges/test/lib/states.ts",
          "file": "/test/lib/states.ts",
          "beforeHooks": [],
          "afterHooks": [],
          "tests": [],
          "suites": [
            {
              "uuid": "5e89e7df-83f3-4517-a527-bdc0137f1c44",
              "title": "constructor()",
              "fullFile": "/home/runner/work/gitlab-badges/gitlab-badges/test/lib/states.ts",
              "file": "/test/lib/states.ts",
              "beforeHooks": [],
              "afterHooks": [],
              "tests": [
                {
                  "title": "should throw an error with invalid url",
                  "fullTitle": "States constructor() should throw an error with invalid url",
                  "timedOut": false,
                  "duration": 1,
                  "state": "passed",
                  "speed": "fast",
                  "pass": true,
                  "fail": false,
                  "pending": false,
                  "context": null,
                  "code": "assert_1.default.throws(() => {\n    new states_1.default('ftp://foo.bar', '****');\n}, /Invalid url!/);",
                  "err": {},
                  "uuid": "41f177b4-0d07-4258-91af-b763e8e8f66b",
                  "parentUUID": "5e89e7df-83f3-4517-a527-bdc0137f1c44",
                  "isHook": false,
                  "skipped": false
                },
                {
                  "title": "should throw an error without token",
                  "fullTitle": "States constructor() should throw an error without token",
                  "timedOut": false,
                  "duration": 0,
                  "state": "passed",
                  "speed": "fast",
                  "pass": true,
                  "fail": false,
                  "pending": false,
                  "context": null,
                  "code": "assert_1.default.throws(() => {\n    new states_1.default('http://localhost', '****');\n}, /Invalid token!/);",
                  "err": {},
                  "uuid": "0f106c34-fbfd-417c-804d-74a8a26eddff",
                  "parentUUID": "5e89e7df-83f3-4517-a527-bdc0137f1c44",
                  "isHook": false,
                  "skipped": false
                }
              ],
              "suites": [],
              "passes": [
                "41f177b4-0d07-4258-91af-b763e8e8f66b",
                "0f106c34-fbfd-417c-804d-74a8a26eddff"
              ],
              "failures": [],
              "pending": [],
              "skipped": [],
              "duration": 1,
              "root": false,
              "rootEmpty": false,
              "_timeout": 2000
            },
            {
              "uuid": "9f81d623-9963-4034-970d-0af8738c4e1c",
              "title": "getState()",
              "fullFile": "/home/runner/work/gitlab-badges/gitlab-badges/test/lib/states.ts",
              "file": "/test/lib/states.ts",
              "beforeHooks": [],
              "afterHooks": [],
              "tests": [
                {
                  "title": "should work",
                  "fullTitle": "States getState() should work",
                  "timedOut": false,
                  "duration": 1417,
                  "state": "passed",
                  "speed": "slow",
                  "pass": true,
                  "fail": false,
                  "pending": false,
                  "context": null,
                  "code": "return __awaiter(this, void 0, void 0, function* () {\n    const states = yield new states_1.default();\n    const result1 = yield states.getState(projectId, 'develop');\n    assert_1.default.strictEqual(typeof result1.status, 'string');\n    assert_1.default.ok(typeof result1.coverage === 'string' || result1.coverage === undefined);\n    const result2 = yield states.getState(projectId, 'develop');\n    assert_1.default.strictEqual(result2.status, result1.status);\n    assert_1.default.strictEqual(result2.coverage, result1.coverage);\n});",
                  "err": {},
                  "uuid": "61886ec1-1b14-428f-b731-69fdaead8068",
                  "parentUUID": "9f81d623-9963-4034-970d-0af8738c4e1c",
                  "isHook": false,
                  "skipped": false
                }
              ],
              "suites": [],
              "passes": [
                "61886ec1-1b14-428f-b731-69fdaead8068"
              ],
              "failures": [],
              "pending": [],
              "skipped": [],
              "duration": 1417,
              "root": false,
              "rootEmpty": false,
              "_timeout": 30000
            }
          ],
          "passes": [],
          "failures": [],
          "pending": [],
          "skipped": [],
          "duration": 0,
          "root": false,
          "rootEmpty": false,
          "_timeout": 2000
        }
      ],
      "passes": [],
      "failures": [],
      "pending": [],
      "skipped": [],
      "duration": 0,
      "root": true,
      "rootEmpty": true,
      "_timeout": 2000
    }
  ],
  "meta": {
    "mocha": {
      "version": "10.0.0"
    },
    "mochawesome": {
      "options": {
        "quiet": false,
        "reportFilename": "mochawesome",
        "saveHtml": true,
        "saveJson": true,
        "consoleReporter": "spec",
        "useInlineDiffs": false,
        "code": true
      },
      "version": "7.1.3"
    },
    "marge": {
      "options": null,
      "version": "6.2.0"
    }
  }
}