{
  "stats": {
    "suites": 3,
    "tests": 3,
    "passes": 3,
    "pending": 0,
    "failures": 0,
    "start": "2024-08-20T12:56:33.467Z",
    "end": "2024-08-20T12:56:34.967Z",
    "duration": 1500,
    "testsRegistered": 3,
    "passPercent": 100,
    "pendingPercent": 0,
    "other": 0,
    "hasOther": false,
    "skipped": 0,
    "hasSkipped": false
  },
  "results": [
    {
      "uuid": "ed742fbe-4dff-47d0-9155-cdacfa2d0fd4",
      "title": "",
      "fullFile": "/home/runner/work/gitlab-badges/gitlab-badges/test/lib/states.ts",
      "file": "/test/lib/states.ts",
      "beforeHooks": [],
      "afterHooks": [],
      "tests": [],
      "suites": [
        {
          "uuid": "9a42cb72-f295-4f6c-b126-4278b7cdf6ed",
          "title": "States",
          "fullFile": "/home/runner/work/gitlab-badges/gitlab-badges/test/lib/states.ts",
          "file": "/test/lib/states.ts",
          "beforeHooks": [],
          "afterHooks": [],
          "tests": [],
          "suites": [
            {
              "uuid": "526075ae-9c96-4a13-a46e-f31619afd87f",
              "title": "constructor()",
              "fullFile": "/home/runner/work/gitlab-badges/gitlab-badges/test/lib/states.ts",
              "file": "/test/lib/states.ts",
              "beforeHooks": [],
              "afterHooks": [],
              "tests": [
                {
                  "title": "should throw an error with invalid url",
                  "fullTitle": "States constructor() should throw an error with invalid url",
                  "timedOut": false,
                  "duration": 0,
                  "state": "passed",
                  "speed": "fast",
                  "pass": true,
                  "fail": false,
                  "pending": false,
                  "context": null,
                  "code": "assert.throws(() => {\n    new GitLabStateHelper('ftp://foo.bar', '****');\n}, /Invalid url!/);",
                  "err": {},
                  "uuid": "4b9328c8-dd31-4a0f-abe2-fdf9f139965f",
                  "parentUUID": "526075ae-9c96-4a13-a46e-f31619afd87f",
                  "isHook": false,
                  "skipped": false
                },
                {
                  "title": "should throw an error without token",
                  "fullTitle": "States constructor() should throw an error without token",
                  "timedOut": false,
                  "duration": 0,
                  "state": "passed",
                  "speed": "fast",
                  "pass": true,
                  "fail": false,
                  "pending": false,
                  "context": null,
                  "code": "assert.throws(() => {\n    new GitLabStateHelper('http://localhost', '****');\n}, /Invalid token!/);",
                  "err": {},
                  "uuid": "6533cad3-394e-4f24-a9ab-090ad3486d9c",
                  "parentUUID": "526075ae-9c96-4a13-a46e-f31619afd87f",
                  "isHook": false,
                  "skipped": false
                }
              ],
              "suites": [],
              "passes": [
                "4b9328c8-dd31-4a0f-abe2-fdf9f139965f",
                "6533cad3-394e-4f24-a9ab-090ad3486d9c"
              ],
              "failures": [],
              "pending": [],
              "skipped": [],
              "duration": 0,
              "root": false,
              "rootEmpty": false,
              "_timeout": 2000
            },
            {
              "uuid": "4e54fd85-5740-4717-bec9-25c8f15ec363",
              "title": "getState()",
              "fullFile": "/home/runner/work/gitlab-badges/gitlab-badges/test/lib/states.ts",
              "file": "/test/lib/states.ts",
              "beforeHooks": [],
              "afterHooks": [],
              "tests": [
                {
                  "title": "should work",
                  "fullTitle": "States getState() should work",
                  "timedOut": false,
                  "duration": 1496,
                  "state": "passed",
                  "speed": "slow",
                  "pass": true,
                  "fail": false,
                  "pending": false,
                  "context": null,
                  "code": "const states = new GitLabStateHelper();\nconst result1 = await states.getState(projectId, 'develop');\nassert.strictEqual(typeof result1.status, 'string');\nassert.ok(typeof result1.coverage === 'string' || result1.coverage === undefined);\nconst result2 = await states.getState(projectId, 'develop');\nassert.strictEqual(result2.status, result1.status);\nassert.strictEqual(result2.coverage, result1.coverage);",
                  "err": {},
                  "uuid": "a0ff96a5-5fae-4c24-8c2d-ad218215799e",
                  "parentUUID": "4e54fd85-5740-4717-bec9-25c8f15ec363",
                  "isHook": false,
                  "skipped": false
                }
              ],
              "suites": [],
              "passes": [
                "a0ff96a5-5fae-4c24-8c2d-ad218215799e"
              ],
              "failures": [],
              "pending": [],
              "skipped": [],
              "duration": 1496,
              "root": false,
              "rootEmpty": false,
              "_timeout": 30000
            }
          ],
          "passes": [],
          "failures": [],
          "pending": [],
          "skipped": [],
          "duration": 0,
          "root": false,
          "rootEmpty": false,
          "_timeout": 2000
        }
      ],
      "passes": [],
      "failures": [],
      "pending": [],
      "skipped": [],
      "duration": 0,
      "root": true,
      "rootEmpty": true,
      "_timeout": 2000
    }
  ],
  "meta": {
    "mocha": {
      "version": "10.7.3"
    },
    "mochawesome": {
      "options": {
        "quiet": false,
        "reportFilename": "mochawesome",
        "saveHtml": true,
        "saveJson": true,
        "consoleReporter": "spec",
        "useInlineDiffs": false,
        "code": true
      },
      "version": "7.1.3"
    },
    "marge": {
      "options": null,
      "version": "6.2.0"
    }
  }
}