{
  "stats": {
    "suites": 3,
    "tests": 3,
    "passes": 3,
    "pending": 0,
    "failures": 0,
    "start": "2025-10-14T10:28:07.743Z",
    "end": "2025-10-14T10:28:09.153Z",
    "duration": 1410,
    "testsRegistered": 3,
    "passPercent": 100,
    "pendingPercent": 0,
    "other": 0,
    "hasOther": false,
    "skipped": 0,
    "hasSkipped": false
  },
  "results": [
    {
      "uuid": "4bb82266-03bc-43e9-b8e1-6169f6e87ce4",
      "title": "",
      "fullFile": "/home/runner/work/gitlab-badges/gitlab-badges/test/lib/states.ts",
      "file": "/test/lib/states.ts",
      "beforeHooks": [],
      "afterHooks": [],
      "tests": [],
      "suites": [
        {
          "uuid": "a981dd48-0a75-4e24-a4fa-dd3bb6b13245",
          "title": "States",
          "fullFile": "/home/runner/work/gitlab-badges/gitlab-badges/test/lib/states.ts",
          "file": "/test/lib/states.ts",
          "beforeHooks": [],
          "afterHooks": [],
          "tests": [],
          "suites": [
            {
              "uuid": "a1bfed27-c2f5-41ba-9804-2e247d996705",
              "title": "constructor()",
              "fullFile": "/home/runner/work/gitlab-badges/gitlab-badges/test/lib/states.ts",
              "file": "/test/lib/states.ts",
              "beforeHooks": [],
              "afterHooks": [],
              "tests": [
                {
                  "title": "should throw an error with invalid url",
                  "fullTitle": "States constructor() should throw an error with invalid url",
                  "timedOut": false,
                  "duration": 0,
                  "state": "passed",
                  "speed": "fast",
                  "pass": true,
                  "fail": false,
                  "pending": false,
                  "context": null,
                  "code": "import_assert.default.throws(()=>{new import_states.default(\"ftp://foo.bar\",\"****\")},/Invalid url!/)",
                  "err": {},
                  "uuid": "24ae89ce-a01b-43cf-8bba-22993619d34f",
                  "parentUUID": "a1bfed27-c2f5-41ba-9804-2e247d996705",
                  "isHook": false,
                  "skipped": false
                },
                {
                  "title": "should throw an error without token",
                  "fullTitle": "States constructor() should throw an error without token",
                  "timedOut": false,
                  "duration": 0,
                  "state": "passed",
                  "speed": "fast",
                  "pass": true,
                  "fail": false,
                  "pending": false,
                  "context": null,
                  "code": "import_assert.default.throws(()=>{new import_states.default(\"http://localhost\",\"****\")},/Invalid token!/)",
                  "err": {},
                  "uuid": "fb45607e-5dfe-44b4-a93d-9e645664933d",
                  "parentUUID": "a1bfed27-c2f5-41ba-9804-2e247d996705",
                  "isHook": false,
                  "skipped": false
                }
              ],
              "suites": [],
              "passes": [
                "24ae89ce-a01b-43cf-8bba-22993619d34f",
                "fb45607e-5dfe-44b4-a93d-9e645664933d"
              ],
              "failures": [],
              "pending": [],
              "skipped": [],
              "duration": 0,
              "root": false,
              "rootEmpty": false,
              "_timeout": 2000
            },
            {
              "uuid": "7d3b5053-bf18-4aaf-9a98-929053625c90",
              "title": "getState()",
              "fullFile": "/home/runner/work/gitlab-badges/gitlab-badges/test/lib/states.ts",
              "file": "/test/lib/states.ts",
              "beforeHooks": [],
              "afterHooks": [],
              "tests": [
                {
                  "title": "should work",
                  "fullTitle": "States getState() should work",
                  "timedOut": false,
                  "duration": 1399,
                  "state": "passed",
                  "speed": "slow",
                  "pass": true,
                  "fail": false,
                  "pending": false,
                  "context": null,
                  "code": "const states=new import_states.default;const result1=await states.getState(projectId,\"develop\");import_assert.default.strictEqual(typeof result1.status,\"string\");import_assert.default.ok(typeof result1.coverage===\"string\"||result1.coverage===void 0);const result2=await states.getState(projectId,\"develop\");import_assert.default.strictEqual(result2.status,result1.status);import_assert.default.strictEqual(result2.coverage,result1.coverage)",
                  "err": {},
                  "uuid": "68499af2-37fc-4fc6-ba0b-f28c13e28f74",
                  "parentUUID": "7d3b5053-bf18-4aaf-9a98-929053625c90",
                  "isHook": false,
                  "skipped": false
                }
              ],
              "suites": [],
              "passes": [
                "68499af2-37fc-4fc6-ba0b-f28c13e28f74"
              ],
              "failures": [],
              "pending": [],
              "skipped": [],
              "duration": 1399,
              "root": false,
              "rootEmpty": false,
              "_timeout": 30000
            }
          ],
          "passes": [],
          "failures": [],
          "pending": [],
          "skipped": [],
          "duration": 0,
          "root": false,
          "rootEmpty": false,
          "_timeout": 2000
        }
      ],
      "passes": [],
      "failures": [],
      "pending": [],
      "skipped": [],
      "duration": 0,
      "root": true,
      "rootEmpty": true,
      "_timeout": 2000
    }
  ],
  "meta": {
    "mocha": {
      "version": "11.7.4"
    },
    "mochawesome": {
      "options": {
        "quiet": false,
        "reportFilename": "mochawesome",
        "saveHtml": true,
        "saveJson": true,
        "consoleReporter": "spec",
        "useInlineDiffs": false,
        "code": true
      },
      "version": "7.1.4"
    },
    "marge": {
      "options": null,
      "version": "6.3.0"
    }
  }
}