{
  "stats": {
    "suites": 3,
    "tests": 3,
    "passes": 3,
    "pending": 0,
    "failures": 0,
    "start": "2025-08-24T18:29:12.255Z",
    "end": "2025-08-24T18:29:13.280Z",
    "duration": 1025,
    "testsRegistered": 3,
    "passPercent": 100,
    "pendingPercent": 0,
    "other": 0,
    "hasOther": false,
    "skipped": 0,
    "hasSkipped": false
  },
  "results": [
    {
      "uuid": "6c2dacf6-2cb5-48cb-900d-ad44f96ab397",
      "title": "",
      "fullFile": "/home/runner/work/gitlab-badges/gitlab-badges/test/lib/states.ts",
      "file": "/test/lib/states.ts",
      "beforeHooks": [],
      "afterHooks": [],
      "tests": [],
      "suites": [
        {
          "uuid": "200ef973-6d4c-428f-a04d-cad8f4e27745",
          "title": "States",
          "fullFile": "/home/runner/work/gitlab-badges/gitlab-badges/test/lib/states.ts",
          "file": "/test/lib/states.ts",
          "beforeHooks": [],
          "afterHooks": [],
          "tests": [],
          "suites": [
            {
              "uuid": "4fc6e1e5-9dec-4bcb-9ffd-7ebd20b8a5fa",
              "title": "constructor()",
              "fullFile": "/home/runner/work/gitlab-badges/gitlab-badges/test/lib/states.ts",
              "file": "/test/lib/states.ts",
              "beforeHooks": [],
              "afterHooks": [],
              "tests": [
                {
                  "title": "should throw an error with invalid url",
                  "fullTitle": "States constructor() should throw an error with invalid url",
                  "timedOut": false,
                  "duration": 0,
                  "state": "passed",
                  "speed": "fast",
                  "pass": true,
                  "fail": false,
                  "pending": false,
                  "context": null,
                  "code": "import_assert.default.throws(()=>{new import_states.default(\"ftp://foo.bar\",\"****\")},/Invalid url!/)",
                  "err": {},
                  "uuid": "fbb14347-5f4a-4b2b-ab0a-2e630d22ace1",
                  "parentUUID": "4fc6e1e5-9dec-4bcb-9ffd-7ebd20b8a5fa",
                  "isHook": false,
                  "skipped": false
                },
                {
                  "title": "should throw an error without token",
                  "fullTitle": "States constructor() should throw an error without token",
                  "timedOut": false,
                  "duration": 0,
                  "state": "passed",
                  "speed": "fast",
                  "pass": true,
                  "fail": false,
                  "pending": false,
                  "context": null,
                  "code": "import_assert.default.throws(()=>{new import_states.default(\"http://localhost\",\"****\")},/Invalid token!/)",
                  "err": {},
                  "uuid": "5a3c94bb-2343-4e2a-bbb5-e0242d8faa55",
                  "parentUUID": "4fc6e1e5-9dec-4bcb-9ffd-7ebd20b8a5fa",
                  "isHook": false,
                  "skipped": false
                }
              ],
              "suites": [],
              "passes": [
                "fbb14347-5f4a-4b2b-ab0a-2e630d22ace1",
                "5a3c94bb-2343-4e2a-bbb5-e0242d8faa55"
              ],
              "failures": [],
              "pending": [],
              "skipped": [],
              "duration": 0,
              "root": false,
              "rootEmpty": false,
              "_timeout": 2000
            },
            {
              "uuid": "f45cd8aa-aabd-47b6-8eb3-077e59b87203",
              "title": "getState()",
              "fullFile": "/home/runner/work/gitlab-badges/gitlab-badges/test/lib/states.ts",
              "file": "/test/lib/states.ts",
              "beforeHooks": [],
              "afterHooks": [],
              "tests": [
                {
                  "title": "should work",
                  "fullTitle": "States getState() should work",
                  "timedOut": false,
                  "duration": 1015,
                  "state": "passed",
                  "speed": "slow",
                  "pass": true,
                  "fail": false,
                  "pending": false,
                  "context": null,
                  "code": "const states=new import_states.default;const result1=await states.getState(projectId,\"develop\");import_assert.default.strictEqual(typeof result1.status,\"string\");import_assert.default.ok(typeof result1.coverage===\"string\"||result1.coverage===void 0);const result2=await states.getState(projectId,\"develop\");import_assert.default.strictEqual(result2.status,result1.status);import_assert.default.strictEqual(result2.coverage,result1.coverage)",
                  "err": {},
                  "uuid": "859c0dc7-dc67-472f-9ea4-e31cf1a214bd",
                  "parentUUID": "f45cd8aa-aabd-47b6-8eb3-077e59b87203",
                  "isHook": false,
                  "skipped": false
                }
              ],
              "suites": [],
              "passes": [
                "859c0dc7-dc67-472f-9ea4-e31cf1a214bd"
              ],
              "failures": [],
              "pending": [],
              "skipped": [],
              "duration": 1015,
              "root": false,
              "rootEmpty": false,
              "_timeout": 30000
            }
          ],
          "passes": [],
          "failures": [],
          "pending": [],
          "skipped": [],
          "duration": 0,
          "root": false,
          "rootEmpty": false,
          "_timeout": 2000
        }
      ],
      "passes": [],
      "failures": [],
      "pending": [],
      "skipped": [],
      "duration": 0,
      "root": true,
      "rootEmpty": true,
      "_timeout": 2000
    }
  ],
  "meta": {
    "mocha": {
      "version": "11.7.1"
    },
    "mochawesome": {
      "options": {
        "quiet": false,
        "reportFilename": "mochawesome",
        "saveHtml": true,
        "saveJson": true,
        "consoleReporter": "spec",
        "useInlineDiffs": false,
        "code": true
      },
      "version": "7.1.3"
    },
    "marge": {
      "options": null,
      "version": "6.2.0"
    }
  }
}